<?xml version="1.0" encoding="UTF-8"?>
<testsuite name="alarm.CarAlarmTests" tests="14" skipped="0" failures="0" errors="0" timestamp="2022-09-13T09:37:23" hostname="h42.aau1x.klient.slv312.site.aau.dk" time="0.035">
  <properties/>
  <testcase name="alarmFlashesThirtySeconds()" classname="alarm.CarAlarmTests" time="0.018"/>
  <testcase name="alarmFlashStops()" classname="alarm.CarAlarmTests" time="0.002"/>
  <testcase name="carIsArmed()" classname="alarm.CarAlarmTests" time="0.001"/>
  <testcase name="openDoor()" classname="alarm.CarAlarmTests" time="0.001"/>
  <testcase name="alarmSoundStops()" classname="alarm.CarAlarmTests" time="0.0"/>
  <testcase name="unlockCarAlarmOff()" classname="alarm.CarAlarmTests" time="0.0"/>
  <testcase name="alarmSounds()" classname="alarm.CarAlarmTests" time="0.001"/>
  <testcase name="unlockCarFlashOff()" classname="alarm.CarAlarmTests" time="0.001"/>
  <testcase name="unlockCarSoundOff()" classname="alarm.CarAlarmTests" time="0.001"/>
  <testcase name="lockCar()" classname="alarm.CarAlarmTests" time="0.0"/>
  <testcase name="carIsNotArmed()" classname="alarm.CarAlarmTests" time="0.0"/>
  <testcase name="alarmSoundsThreeSeconds()" classname="alarm.CarAlarmTests" time="0.0"/>
  <testcase name="CloseDoor()" classname="alarm.CarAlarmTests" time="0.0"/>
  <testcase name="unlockCar()" classname="alarm.CarAlarmTests" time="0.001"/>
  <system-out><![CDATA[]]></system-out>
  <system-err><![CDATA[]]></system-err>
</testsuite>
